<?xml version="1.0" encoding="UTF-8"?>
<testsuite xmlns:xsi="http://www.w3.org/2001/XMLSchema-instance" xsi:noNamespaceSchemaLocation="https://maven.apache.org/surefire/maven-surefire-plugin/xsd/surefire-test-report.xsd" version="3.0.2" name="com.example.soloLeaf.OsahaneatApplicationTests" time="17.369" tests="1" errors="0" skipped="0" failures="0">
  <properties>
[...]
</properties>
  <testcase name="contextLoads" classname="com.example.soloLeaf.OsahaneatApplicationTests" time="0.548">
    <system-out><![CDATA[17:20:27.163 [main] INFO org.springframework.test.context.support.AnnotationConfigContextLoaderUtils -- Could not detect default configuration classes for test class [com.example.soloLeaf.OsahaneatApplicationTests]: OsahaneatApplicationTests does not declare any static, non-private, non-final, nested classes annotated with @Configuration.
17:20:27.274 [main] INFO org.springframework.boot.test.context.SpringBootTestContextBootstrapper -- Found @SpringBootConfiguration com.example.soloLeaf.OsahaneatApplication for test class com.example.soloLeaf.OsahaneatApplicationTests

  .   ____          _            __ _ _
 /\\ / ___'_ __ _ _(_)_ __  __ _ \ \ \ \
( ( )\___ | '_ | '_| | '_ \/ _` | \ \ \ \
 \\/  ___)| |_)| | | | | || (_| |  ) ) ) )
  '  |____| .__|_| |_|_| |_\__, | / / / /
 =========|_|==============|___/=/_/_/_/

 :: Spring Boot ::                (v3.5.5)

2025-11-03T17:20:27.772+03:00  INFO 22516 --- [Solo-Leaf-app] [           main] c.e.soloLeaf.OsahaneatApplicationTests   : Starting OsahaneatApplicationTests using Java 17.0.8 with PID 22516 (started by Admin in D:\Desktop\GitHub Repository\SoloLeaf)
2025-11-03T17:20:27.774+03:00  INFO 22516 --- [Solo-Leaf-app] [           main] c.e.soloLeaf.OsahaneatApplicationTests   : No active profile set, falling back to 1 default profile: "default"
2025-11-03T17:20:27.809+03:00 DEBUG 22516 --- [Solo-Leaf-app] [           main] o.s.w.c.s.GenericWebApplicationContext   : Refreshing org.springframework.web.context.support.GenericWebApplicationContext@60f2e0bd
2025-11-03T17:20:28.894+03:00  INFO 22516 --- [Solo-Leaf-app] [           main] .s.d.r.c.RepositoryConfigurationDelegate : Bootstrapping Spring Data JPA repositories in DEFAULT mode.
2025-11-03T17:20:28.969+03:00  INFO 22516 --- [Solo-Leaf-app] [           main] .s.d.r.c.RepositoryConfigurationDelegate : Finished Spring Data repository scanning in 64 ms. Found 6 JPA repository interfaces.
2025-11-03T17:20:29.517+03:00  INFO 22516 --- [Solo-Leaf-app] [           main] o.hibernate.jpa.internal.util.LogHelper  : HHH000204: Processing PersistenceUnitInfo [name: default]
2025-11-03T17:20:29.566+03:00  INFO 22516 --- [Solo-Leaf-app] [           main] org.hibernate.Version                    : HHH000412: Hibernate ORM core version 6.6.26.Final
2025-11-03T17:20:29.601+03:00  INFO 22516 --- [Solo-Leaf-app] [           main] o.h.c.internal.RegionFactoryInitiator    : HHH000026: Second-level cache disabled
2025-11-03T17:20:29.969+03:00  INFO 22516 --- [Solo-Leaf-app] [           main] o.s.o.j.p.SpringPersistenceUnitInfo      : No LoadTimeWeaver setup: ignoring JPA class transformer
2025-11-03T17:20:30.003+03:00  INFO 22516 --- [Solo-Leaf-app] [           main] com.zaxxer.hikari.HikariDataSource       : HikariPool-1 - Starting...
2025-11-03T17:20:31.628+03:00  INFO 22516 --- [Solo-Leaf-app] [           main] com.zaxxer.hikari.pool.HikariPool        : HikariPool-1 - Added connection org.postgresql.jdbc.PgConnection@586486c
2025-11-03T17:20:31.630+03:00  INFO 22516 --- [Solo-Leaf-app] [           main] com.zaxxer.hikari.HikariDataSource       : HikariPool-1 - Start completed.
2025-11-03T17:20:31.840+03:00  WARN 22516 --- [Solo-Leaf-app] [           main] org.hibernate.orm.deprecation            : HHH90000025: PostgreSQLDialect does not need to be specified explicitly using 'hibernate.dialect' (remove the property setting and it will be selected by default)
2025-11-03T17:20:32.232+03:00  INFO 22516 --- [Solo-Leaf-app] [           main] org.hibernate.orm.connections.pooling    : HHH10001005: Database info:
	Database JDBC URL [Connecting through datasource 'HikariDataSource (HikariPool-1)']
	Database driver: undefined/unknown
	Database version: 17.6
	Autocommit mode: undefined/unknown
	Isolation level: undefined/unknown
	Minimum pool size: undefined/unknown
	Maximum pool size: undefined/unknown
2025-11-03T17:20:32.634+03:00  WARN 22516 --- [Solo-Leaf-app] [           main] org.hibernate.mapping.RootClass          : HHH000038: Composite-id class does not override equals(): com.example.soloLeaf.entity.keys.IdOrderItem
2025-11-03T17:20:32.635+03:00  WARN 22516 --- [Solo-Leaf-app] [           main] org.hibernate.mapping.RootClass          : HHH000039: Composite-id class does not override hashCode(): com.example.soloLeaf.entity.keys.IdOrderItem
2025-11-03T17:20:32.635+03:00  WARN 22516 --- [Solo-Leaf-app] [           main] org.hibernate.mapping.RootClass          : HHH000038: Composite-id class does not override equals(): com.example.soloLeaf.entity.keys.IdMenuRestaurant
2025-11-03T17:20:32.635+03:00  WARN 22516 --- [Solo-Leaf-app] [           main] org.hibernate.mapping.RootClass          : HHH000039: Composite-id class does not override hashCode(): com.example.soloLeaf.entity.keys.IdMenuRestaurant
2025-11-03T17:20:33.314+03:00  INFO 22516 --- [Solo-Leaf-app] [           main] o.h.e.t.j.p.i.JtaPlatformInitiator       : HHH000489: No JTA platform available (set 'hibernate.transaction.jta.platform' to enable JTA platform integration)
2025-11-03T17:20:42.124+03:00  INFO 22516 --- [Solo-Leaf-app] [           main] j.LocalContainerEntityManagerFactoryBean : Initialized JPA EntityManagerFactory for persistence unit 'default'
2025-11-03T17:20:42.688+03:00  WARN 22516 --- [Solo-Leaf-app] [           main] JpaBaseConfiguration$JpaWebConfiguration : spring.jpa.open-in-view is enabled by default. Therefore, database queries may be performed during view rendering. Explicitly configure spring.jpa.open-in-view to disable this warning
2025-11-03T17:20:42.720+03:00  INFO 22516 --- [Solo-Leaf-app] [           main] o.s.b.a.w.s.WelcomePageHandlerMapping    : Adding welcome page template: index
2025-11-03T17:20:42.787+03:00 DEBUG 22516 --- [Solo-Leaf-app] [           main] s.w.s.m.m.a.RequestMappingHandlerMapping : 21 mappings in 'requestMappingHandlerMapping'
2025-11-03T17:20:42.943+03:00 DEBUG 22516 --- [Solo-Leaf-app] [           main] o.s.w.s.handler.SimpleUrlHandlerMapping  : Patterns [/webjars/**, /**] in 'resourceHandlerMapping'
2025-11-03T17:20:43.121+03:00  INFO 22516 --- [Solo-Leaf-app] [           main] o.s.b.a.e.web.EndpointLinksResolver      : Exposing 1 endpoint beneath base path '/actuator'
2025-11-03T17:20:43.155+03:00  INFO 22516 --- [Solo-Leaf-app] [           main] r$InitializeUserDetailsManagerConfigurer : Global AuthenticationManager configured with UserDetailsService bean with name customUserDetailService
2025-11-03T17:20:43.286+03:00 DEBUG 22516 --- [Solo-Leaf-app] [           main] o.s.s.web.DefaultSecurityFilterChain     : Will secure any request with filters: WebAsyncManagerIntegrationFilter, SecurityContextHolderFilter, HeaderWriterFilter, LogoutFilter, CustomJwtFilter, RequestCacheAwareFilter, SecurityContextHolderAwareRequestFilter, AnonymousAuthenticationFilter, ExceptionTranslationFilter, AuthorizationFilter
2025-11-03T17:20:43.471+03:00 DEBUG 22516 --- [Solo-Leaf-app] [           main] s.w.s.m.m.a.RequestMappingHandlerAdapter : ControllerAdvice beans: 0 @ModelAttribute, 0 @InitBinder, 1 RequestBodyAdvice, 1 ResponseBodyAdvice
2025-11-03T17:20:43.550+03:00 DEBUG 22516 --- [Solo-Leaf-app] [           main] .m.m.a.ExceptionHandlerExceptionResolver : ControllerAdvice beans: 0 @ExceptionHandler, 1 ResponseBodyAdvice
2025-11-03T17:20:43.781+03:00  INFO 22516 --- [Solo-Leaf-app] [           main] c.e.soloLeaf.OsahaneatApplicationTests   : Started OsahaneatApplicationTests in 16.339 seconds (process running for 17.302)
]]></system-out>
  </testcase>
</testsuite>